/media/CORPORA/CORPORA/ITWAC/ITWAC-1.xml 6914
/media/CORPORA/CORPORA/ITWAC/ITWAC-10.xml 6809
/media/CORPORA/CORPORA/ITWAC/ITWAC-11.xml 6962
/media/CORPORA/CORPORA/ITWAC/ITWAC-12.xml 6985
/media/CORPORA/CORPORA/ITWAC/ITWAC-13.xml 7009
/media/CORPORA/CORPORA/ITWAC/ITWAC-14.xml 6961
/media/CORPORA/CORPORA/ITWAC/ITWAC-15.xml 7059
/media/CORPORA/CORPORA/ITWAC/ITWAC-16.xml 6818
/media/CORPORA/CORPORA/ITWAC/ITWAC-17.xml 6884
/media/CORPORA/CORPORA/ITWAC/ITWAC-18.xml 7075
/media/CORPORA/CORPORA/ITWAC/ITWAC-19.xml 6976
/media/CORPORA/CORPORA/ITWAC/ITWAC-2.xml 7043
/media/CORPORA/CORPORA/ITWAC/ITWAC-20.xml 6941
/media/CORPORA/CORPORA/ITWAC/ITWAC-21.xml 3546
/media/CORPORA/CORPORA/ITWAC/ITWAC-3.xml 6896
/media/CORPORA/CORPORA/ITWAC/ITWAC-4.xml 6933
/media/CORPORA/CORPORA/ITWAC/ITWAC-5.xml 6748
/media/CORPORA/CORPORA/ITWAC/ITWAC-6.xml 7041
/media/CORPORA/CORPORA/ITWAC/ITWAC-7.xml 6812
/media/CORPORA/CORPORA/ITWAC/ITWAC-8.xml 6823
/media/CORPORA/CORPORA/ITWAC/ITWAC-9.xml 6971
